2024-01-28 21:45:09.854 - INFO - 11666 - azureml.train.automl._experiment_drivers.driver_utilities.modify_run_configuration:243 - Package azureml-train-automl missing from dependencies file.
2024-01-28 21:45:09.855 - INFO - 11666 - azureml.train.automl._experiment_drivers.driver_utilities.modify_run_configuration:249 - Using pinned version: azureml-train-automl==1.54.0.*
2024-01-28 21:45:09.855 - INFO - 11666 - azureml.train.automl._experiment_drivers.driver_utilities.modify_run_configuration:243 - Package azureml-defaults missing from dependencies file.
2024-01-28 21:45:09.855 - INFO - 11666 - azureml.train.automl._experiment_drivers.driver_utilities.modify_run_configuration:249 - Using pinned version: azureml-defaults==1.54.0.*
2024-01-28 21:45:09.856 - INFO - 11666 - azureml.train.automl._experiment_drivers.driver_utilities.modify_run_configuration:243 - Package pandas missing from dependencies file.
2024-01-28 21:45:09.856 - INFO - 11666 - azureml.train.automl._experiment_drivers.driver_utilities.modify_run_configuration:249 - Using pinned version: pandas==1.3.5
2024-01-28 21:45:09.856 - INFO - 11666 - azureml.train.automl._experiment_drivers.driver_utilities.modify_run_configuration:243 - Package psutil missing from dependencies file.
2024-01-28 21:45:09.856 - INFO - 11666 - azureml.train.automl._experiment_drivers.driver_utilities.modify_run_configuration:249 - Using pinned version: psutil>5.0.0,<6.0.0
2024-01-28 21:45:09.857 - INFO - 11666 - azureml.train.automl._experiment_drivers.driver_utilities.modify_run_configuration:243 - Package scikit-learn missing from dependencies file.
2024-01-28 21:45:09.857 - INFO - 11666 - azureml.train.automl._experiment_drivers.driver_utilities.modify_run_configuration:249 - Using pinned version: scikit-learn==1.1.3
2024-01-28 21:45:09.857 - INFO - 11666 - azureml.train.automl._experiment_drivers.driver_utilities.modify_run_configuration:243 - Package numpy missing from dependencies file.
2024-01-28 21:45:09.857 - INFO - 11666 - azureml.train.automl._experiment_drivers.driver_utilities.modify_run_configuration:249 - Using pinned version: numpy==1.23.5
2024-01-28 21:45:09.858 - INFO - 11666 - azureml.train.automl._experiment_drivers.driver_utilities.modify_run_configuration:243 - Package py-xgboost missing from dependencies file.
2024-01-28 21:45:09.858 - INFO - 11666 - azureml.train.automl._experiment_drivers.driver_utilities.modify_run_configuration:249 - Using pinned version: py-xgboost==1.3.3
2024-01-28 21:45:09.859 - INFO - 11666 - azureml.train.automl._experiment_drivers.driver_utilities.modify_run_configuration:243 - Package inference-schema missing from dependencies file.
2024-01-28 21:45:09.859 - INFO - 11666 - azureml.train.automl._experiment_drivers.driver_utilities.modify_run_configuration:253 - Using installed version: inference-schema==1.5.1
2024-01-28 21:45:09.859 - INFO - 11666 - azureml.train.automl._experiment_drivers.driver_utilities.modify_run_configuration:243 - Package prophet missing from dependencies file.
2024-01-28 21:45:09.860 - INFO - 11666 - azureml.train.automl._experiment_drivers.driver_utilities.modify_run_configuration:249 - Using pinned version: prophet==1.1.4
2024-01-28 21:45:09.860 - INFO - 11666 - azureml.train.automl._experiment_drivers.driver_utilities.modify_run_configuration:243 - Package holidays missing from dependencies file.
2024-01-28 21:45:09.860 - INFO - 11666 - azureml.train.automl._experiment_drivers.driver_utilities.modify_run_configuration:249 - Using pinned version: holidays==0.29
2024-01-28 21:45:09.860 - INFO - 11666 - azureml.train.automl._experiment_drivers.driver_utilities.modify_run_configuration:243 - Package joblib missing from dependencies file.
2024-01-28 21:45:09.860 - INFO - 11666 - azureml.train.automl._experiment_drivers.driver_utilities.modify_run_configuration:249 - Using pinned version: joblib==1.2.0
2024-01-28 21:45:09.861 - INFO - 11666 - azureml.train.automl._experiment_drivers.driver_utilities.modify_run_configuration:243 - Package setuptools-git missing from dependencies file.
2024-01-28 21:45:09.861 - INFO - 11666 - azureml.train.automl._experiment_drivers.driver_utilities.modify_run_configuration:253 - Using installed version: setuptools-git==1.2
2024-01-28 21:45:09.868 - INFO - 11666 - azureml.train.automl._experiment_drivers.driver_utilities.modify_run_configuration:243 - Package urllib3 missing from dependencies file.
2024-01-28 21:45:09.868 - INFO - 11666 - azureml.train.automl._experiment_drivers.driver_utilities.modify_run_configuration:253 - Using installed version: urllib3==1.26.18
2024-01-28 21:45:09.868 - INFO - 11666 - azureml.train.automl._experiment_drivers.driver_utilities.modify_run_configuration:243 - Package azure-core missing from dependencies file.
2024-01-28 21:45:09.868 - INFO - 11666 - azureml.train.automl._experiment_drivers.driver_utilities.modify_run_configuration:253 - Using installed version: azure-core==1.26.4
2024-01-28 21:45:09.869 - INFO - 11666 - azureml.train.automl._experiment_drivers.driver_utilities.modify_run_configuration:243 - Package boto3 missing from dependencies file.
2024-01-28 21:45:09.869 - INFO - 11666 - azureml.train.automl._experiment_drivers.driver_utilities.modify_run_configuration:249 - Using pinned version: boto3==1.20.19
2024-01-28 21:45:09.869 - INFO - 11666 - azureml.train.automl._experiment_drivers.driver_utilities.modify_run_configuration:243 - Package botocore missing from dependencies file.
2024-01-28 21:45:09.869 - INFO - 11666 - azureml.train.automl._experiment_drivers.driver_utilities.modify_run_configuration:249 - Using pinned version: botocore==1.23.19
2024-01-28 21:45:09.876 - INFO - 11666 - azureml.automl.core.dataset_utilities._save_datasets_to_json:255 - JSON serialization of input of type <class 'NoneType'> is un-supported.
2024-01-28 21:45:09.876 - INFO - 11666 - azureml.automl.core.dataset_utilities._save_datasets_to_json:255 - JSON serialization of input of type <class 'NoneType'> is un-supported.
2024-01-28 21:45:09.877 - INFO - 11666 - azureml.train.automl._experiment_drivers.driver_utilities.validate_input:124 - Start data validation.
2024-01-28 21:45:10.596 - INFO - 11666 - azureml.train.automl._experiment_drivers.driver_utilities.validate_input:137 - Validation service found the data has no errors.
2024-01-28 21:45:10.597 - INFO - 11666 - azureml.train.automl._experiment_drivers.driver_utilities.create_remote_parent_run:381 - Start creating parent run.
2024-01-28 21:45:10.891 - INFO - 11666 - azureml.train.automl._experiment_drivers.driver_utilities.create_remote_parent_run:401 - [ParentRunID:AutoML_269bc0c9-4027-4ef3-b3ad-952613d7adeb] Remote run using input X and y.
2024-01-28 21:45:11.226 - INFO - 11666 - azureml.train.automl._experiment_drivers.driver_utilities.start_remote_run:336 - Starting a snapshot run (snapshot_id : None)
2024-01-28 22:16:39.923 - INFO - 11666 - azureml.train.automl._experiment_drivers.driver_utilities.modify_run_configuration:243 - Package azureml-train-automl missing from dependencies file.
2024-01-28 22:16:39.928 - INFO - 11666 - azureml.train.automl._experiment_drivers.driver_utilities.modify_run_configuration:249 - Using pinned version: azureml-train-automl==1.54.0.*
2024-01-28 22:16:39.934 - INFO - 11666 - azureml.train.automl._experiment_drivers.driver_utilities.modify_run_configuration:243 - Package azureml-defaults missing from dependencies file.
2024-01-28 22:16:39.945 - INFO - 11666 - azureml.train.automl._experiment_drivers.driver_utilities.modify_run_configuration:249 - Using pinned version: azureml-defaults==1.54.0.*
2024-01-28 22:16:39.951 - INFO - 11666 - azureml.train.automl._experiment_drivers.driver_utilities.modify_run_configuration:243 - Package pandas missing from dependencies file.
2024-01-28 22:16:39.959 - INFO - 11666 - azureml.train.automl._experiment_drivers.driver_utilities.modify_run_configuration:249 - Using pinned version: pandas==1.3.5
2024-01-28 22:16:39.966 - INFO - 11666 - azureml.train.automl._experiment_drivers.driver_utilities.modify_run_configuration:243 - Package psutil missing from dependencies file.
2024-01-28 22:16:39.970 - INFO - 11666 - azureml.train.automl._experiment_drivers.driver_utilities.modify_run_configuration:249 - Using pinned version: psutil>5.0.0,<6.0.0
2024-01-28 22:16:39.975 - INFO - 11666 - azureml.train.automl._experiment_drivers.driver_utilities.modify_run_configuration:243 - Package scikit-learn missing from dependencies file.
2024-01-28 22:16:39.975 - INFO - 11666 - azureml.train.automl._experiment_drivers.driver_utilities.modify_run_configuration:249 - Using pinned version: scikit-learn==1.1.3
2024-01-28 22:16:39.975 - INFO - 11666 - azureml.train.automl._experiment_drivers.driver_utilities.modify_run_configuration:243 - Package numpy missing from dependencies file.
2024-01-28 22:16:39.975 - INFO - 11666 - azureml.train.automl._experiment_drivers.driver_utilities.modify_run_configuration:249 - Using pinned version: numpy==1.23.5
2024-01-28 22:16:39.976 - INFO - 11666 - azureml.train.automl._experiment_drivers.driver_utilities.modify_run_configuration:243 - Package py-xgboost missing from dependencies file.
2024-01-28 22:16:39.976 - INFO - 11666 - azureml.train.automl._experiment_drivers.driver_utilities.modify_run_configuration:249 - Using pinned version: py-xgboost==1.3.3
2024-01-28 22:16:39.980 - INFO - 11666 - azureml.train.automl._experiment_drivers.driver_utilities.modify_run_configuration:243 - Package inference-schema missing from dependencies file.
2024-01-28 22:16:39.980 - INFO - 11666 - azureml.train.automl._experiment_drivers.driver_utilities.modify_run_configuration:253 - Using installed version: inference-schema==1.5.1
2024-01-28 22:16:39.980 - INFO - 11666 - azureml.train.automl._experiment_drivers.driver_utilities.modify_run_configuration:243 - Package prophet missing from dependencies file.
2024-01-28 22:16:39.980 - INFO - 11666 - azureml.train.automl._experiment_drivers.driver_utilities.modify_run_configuration:249 - Using pinned version: prophet==1.1.4
2024-01-28 22:16:39.981 - INFO - 11666 - azureml.train.automl._experiment_drivers.driver_utilities.modify_run_configuration:243 - Package holidays missing from dependencies file.
2024-01-28 22:16:39.981 - INFO - 11666 - azureml.train.automl._experiment_drivers.driver_utilities.modify_run_configuration:249 - Using pinned version: holidays==0.29
2024-01-28 22:16:39.981 - INFO - 11666 - azureml.train.automl._experiment_drivers.driver_utilities.modify_run_configuration:243 - Package joblib missing from dependencies file.
2024-01-28 22:16:39.981 - INFO - 11666 - azureml.train.automl._experiment_drivers.driver_utilities.modify_run_configuration:249 - Using pinned version: joblib==1.2.0
2024-01-28 22:16:39.982 - INFO - 11666 - azureml.train.automl._experiment_drivers.driver_utilities.modify_run_configuration:243 - Package setuptools-git missing from dependencies file.
2024-01-28 22:16:39.982 - INFO - 11666 - azureml.train.automl._experiment_drivers.driver_utilities.modify_run_configuration:253 - Using installed version: setuptools-git==1.2
2024-01-28 22:16:39.982 - INFO - 11666 - azureml.train.automl._experiment_drivers.driver_utilities.modify_run_configuration:243 - Package urllib3 missing from dependencies file.
2024-01-28 22:16:39.982 - INFO - 11666 - azureml.train.automl._experiment_drivers.driver_utilities.modify_run_configuration:253 - Using installed version: urllib3==1.26.18
2024-01-28 22:16:39.982 - INFO - 11666 - azureml.train.automl._experiment_drivers.driver_utilities.modify_run_configuration:243 - Package azure-core missing from dependencies file.
2024-01-28 22:16:39.983 - INFO - 11666 - azureml.train.automl._experiment_drivers.driver_utilities.modify_run_configuration:253 - Using installed version: azure-core==1.26.4
2024-01-28 22:16:39.983 - INFO - 11666 - azureml.train.automl._experiment_drivers.driver_utilities.modify_run_configuration:243 - Package boto3 missing from dependencies file.
2024-01-28 22:16:39.983 - INFO - 11666 - azureml.train.automl._experiment_drivers.driver_utilities.modify_run_configuration:249 - Using pinned version: boto3==1.20.19
2024-01-28 22:16:39.983 - INFO - 11666 - azureml.train.automl._experiment_drivers.driver_utilities.modify_run_configuration:243 - Package botocore missing from dependencies file.
2024-01-28 22:16:39.984 - INFO - 11666 - azureml.train.automl._experiment_drivers.driver_utilities.modify_run_configuration:249 - Using pinned version: botocore==1.23.19
2024-01-28 22:16:39.984 - INFO - 11666 - azureml.automl.core.dataset_utilities._save_datasets_to_json:255 - JSON serialization of input of type <class 'NoneType'> is un-supported.
2024-01-28 22:16:39.985 - INFO - 11666 - azureml.automl.core.dataset_utilities._save_datasets_to_json:255 - JSON serialization of input of type <class 'NoneType'> is un-supported.
2024-01-28 22:16:39.986 - INFO - 11666 - azureml.train.automl._experiment_drivers.driver_utilities.validate_input:124 - Start data validation.
2024-01-28 22:16:40.637 - INFO - 11666 - azureml.train.automl._experiment_drivers.driver_utilities.validate_input:137 - Validation service found the data has no errors.
2024-01-28 22:16:40.643 - INFO - 11666 - azureml.train.automl._experiment_drivers.driver_utilities.create_remote_parent_run:381 - Start creating parent run.
2024-01-28 22:16:40.887 - INFO - 11666 - azureml.train.automl._experiment_drivers.driver_utilities.create_remote_parent_run:401 - [ParentRunID:AutoML_a8392b16-812c-479d-97c0-f74e91e2f089] Remote run using input X and y.
2024-01-28 22:16:40.981 - INFO - 11666 - azureml.train.automl._experiment_drivers.driver_utilities.start_remote_run:336 - Starting a snapshot run (snapshot_id : None)
